<?xml version="1.0" encoding="UTF-8"?>
<coverage generated="1664189909026" clover="3.2.0">
  <project timestamp="1664189909026" name="All files">
    <metrics statements="28" coveredstatements="25" conditionals="13" coveredconditionals="12" methods="2" coveredmethods="2" elements="43" coveredelements="39" complexity="0" loc="28" ncloc="28" packages="1" files="1" classes="1"/>
    <file name="validate.ts" path="/home/adriane/Vídeos/CCCAT8/2.refactoring/src/v1/validate.ts">
      <metrics statements="28" coveredstatements="25" conditionals="13" coveredconditionals="12" methods="2" coveredmethods="2"/>
      <line num="2" count="2" type="stmt"/>
      <line num="4" count="16" type="cond" truecount="2" falsecount="0"/>
      <line num="5" count="14" type="cond" truecount="1" falsecount="0"/>
      <line num="6" count="12" type="cond" truecount="4" falsecount="0"/>
      <line num="8" count="8" type="stmt"/>
      <line num="14" count="34" type="cond" truecount="2" falsecount="0"/>
      <line num="15" count="6" type="stmt"/>
      <line num="20" count="6" type="stmt"/>
      <line num="21" count="6" type="stmt"/>
      <line num="23" count="6" type="stmt"/>
      <line num="28" count="54" type="stmt"/>
      <line num="29" count="54" type="stmt"/>
      <line num="31" count="54" type="stmt"/>
      <line num="35" count="6" type="stmt"/>
      <line num="37" count="6" type="cond" truecount="2" falsecount="0"/>
      <line num="38" count="6" type="stmt"/>
      <line num="39" count="6" type="stmt"/>
      <line num="40" count="6" type="cond" truecount="1" falsecount="1"/>
      <line num="41" count="0" type="stmt"/>
      <line num="43" count="6" type="stmt"/>
      <line num="45" count="6" type="stmt"/>
      <line num="46" count="6" type="stmt"/>
      <line num="47" count="6" type="stmt"/>
      <line num="49" count="0" type="stmt"/>
      <line num="51" count="0" type="stmt"/>
      <line num="53" count="2" type="stmt"/>
      <line num="55" count="4" type="stmt"/>
      <line num="59" count="2" type="stmt"/>
    </file>
  </project>
</coverage>
