TN:
SF:src/v1/validate.ts
FN:2,validate
FN:14,(anonymous_1)
FNF:2
FNH:2
FNDA:16,validate
FNDA:34,(anonymous_1)
DA:2,2
DA:4,16
DA:5,14
DA:6,12
DA:8,8
DA:14,34
DA:15,6
DA:20,6
DA:21,6
DA:23,6
DA:28,54
DA:29,54
DA:31,54
DA:35,6
DA:37,6
DA:38,6
DA:39,6
DA:40,6
DA:41,0
DA:43,6
DA:45,6
DA:46,6
DA:47,6
DA:49,0
DA:51,0
DA:53,2
DA:55,4
DA:59,2
LF:28
LH:25
BRDA:4,0,0,14
BRDA:4,0,1,2
BRDA:5,1,0,12
BRDA:6,2,0,8
BRDA:6,2,1,4
BRDA:6,3,0,12
BRDA:6,3,1,10
BRDA:14,4,0,6
BRDA:14,4,1,2
BRDA:37,5,0,4
BRDA:37,5,1,2
BRDA:40,6,0,0
BRDA:40,6,1,6
BRF:13
BRH:12
end_of_record
